This file contains any messages produced by compilers while
running configure, to aid debugging if configure makes a mistake.

It was created by hereweare configure 1.0, which was
generated by GNU Autoconf 2.69.  Invocation command line was

  $ ../../configure --with-systemdsystemunitdir=/home/stuart/code/hereweare/hereweare-1.0/_inst//lib/systemd/system --srcdir=../.. --prefix=/home/stuart/code/hereweare/hereweare-1.0/_inst

## --------- ##
## Platform. ##
## --------- ##

hostname = blackforest
uname -m = x86_64
uname -r = 5.10.0-16-amd64
uname -s = Linux
uname -v = #1 SMP Debian 5.10.127-1 (2022-06-30)

/usr/bin/uname -p = unknown
/bin/uname -X     = unknown

/bin/arch              = x86_64
/usr/bin/arch -k       = unknown
/usr/convex/getsysinfo = unknown
/usr/bin/hostinfo      = unknown
/bin/machine           = unknown
/usr/bin/oslevel       = unknown
/bin/universe          = unknown

PATH: /home/stuart/.nvm/versions/node/v16.13.0/bin
PATH: /usr/local/cuda-9.1/bin
PATH: /home/stuart/.asdf/shims
PATH: /home/stuart/.asdf/bin
PATH: /home/stuart/.cargo/bin
PATH: /home/stuart/bin
PATH: /home/stuart/.local/bin
PATH: /usr/local/bin
PATH: /usr/bin
PATH: /bin
PATH: /usr/local/games
PATH: /usr/games
PATH: /usr/local/sbin
PATH: /usr/sbin
PATH: /sbin
PATH: /home/stuart/Blake/bk8s/bin/
PATH: /home/stuart/go
PATH: /home/stuart/Blake/bs/bin/
PATH: /home/stuart/Blake/bd/bin
PATH: /home/stuart/Blake/bx/bin
PATH: /home/stuart/Blake/tools


## ----------- ##
## Core tests. ##
## ----------- ##

configure:2295: checking for a BSD-compatible install
configure:2363: result: /usr/bin/install -c
configure:2374: checking whether build environment is sane
configure:2429: result: yes
configure:2575: checking for a thread-safe mkdir -p
configure:2614: result: /usr/bin/mkdir -p
configure:2621: checking for gawk
configure:2637: found /usr/bin/gawk
configure:2648: result: gawk
configure:2659: checking whether make sets $(MAKE)
configure:2681: result: yes
configure:2710: checking whether make supports nested variables
configure:2727: result: yes
configure:2905: checking for gcc
configure:2921: found /usr/bin/gcc
configure:2932: result: gcc
configure:3161: checking for C compiler version
configure:3170: gcc --version >&5
gcc (Debian 10.2.1-6) 10.2.1 20210110
Copyright (C) 2020 Free Software Foundation, Inc.
This is free software; see the source for copying conditions.  There is NO
warranty; not even for MERCHANTABILITY or FITNESS FOR A PARTICULAR PURPOSE.

configure:3181: $? = 0
configure:3170: gcc -v >&5
Using built-in specs.
COLLECT_GCC=gcc
COLLECT_LTO_WRAPPER=/usr/lib/gcc/x86_64-linux-gnu/10/lto-wrapper
OFFLOAD_TARGET_NAMES=nvptx-none:amdgcn-amdhsa:hsa
OFFLOAD_TARGET_DEFAULT=1
Target: x86_64-linux-gnu
Configured with: ../src/configure -v --with-pkgversion='Debian 10.2.1-6' --with-bugurl=file:///usr/share/doc/gcc-10/README.Bugs --enable-languages=c,ada,c++,go,brig,d,fortran,objc,obj-c++,m2 --prefix=/usr --with-gcc-major-version-only --program-suffix=-10 --program-prefix=x86_64-linux-gnu- --enable-shared --enable-linker-build-id --libexecdir=/usr/lib --without-included-gettext --enable-threads=posix --libdir=/usr/lib --enable-nls --enable-bootstrap --enable-clocale=gnu --enable-libstdcxx-debug --enable-libstdcxx-time=yes --with-default-libstdcxx-abi=new --enable-gnu-unique-object --disable-vtable-verify --enable-plugin --enable-default-pie --with-system-zlib --enable-libphobos-checking=release --with-target-system-zlib=auto --enable-objc-gc=auto --enable-multiarch --disable-werror --with-arch-32=i686 --with-abi=m64 --with-multilib-list=m32,m64,mx32 --enable-multilib --with-tune=generic --enable-offload-targets=nvptx-none=/build/gcc-10-Km9U7s/gcc-10-10.2.1/debian/tmp-nvptx/usr,amdgcn-amdhsa=/build/gcc-10-Km9U7s/gcc-10-10.2.1/debian/tmp-gcn/usr,hsa --without-cuda-driver --enable-checking=release --build=x86_64-linux-gnu --host=x86_64-linux-gnu --target=x86_64-linux-gnu --with-build-config=bootstrap-lto-lean --enable-link-mutex
Thread model: posix
Supported LTO compression algorithms: zlib zstd
gcc version 10.2.1 20210110 (Debian 10.2.1-6) 
... rest of stderr output deleted ...
configure:3181: $? = 0
configure:3170: gcc -V >&5
gcc: error: unrecognized command-line option '-V'
gcc: fatal error: no input files
compilation terminated.
configure:3181: $? = 1
configure:3170: gcc -qversion >&5
gcc: error: unrecognized command-line option '-qversion'; did you mean '--version'?
gcc: fatal error: no input files
compilation terminated.
configure:3181: $? = 1
configure:3201: checking whether the C compiler works
configure:3223: gcc    conftest.c  >&5
configure:3227: $? = 0
configure:3275: result: yes
configure:3278: checking for C compiler default output file name
configure:3280: result: a.out
configure:3286: checking for suffix of executables
configure:3293: gcc -o conftest    conftest.c  >&5
configure:3297: $? = 0
configure:3319: result: 
configure:3341: checking whether we are cross compiling
configure:3349: gcc -o conftest    conftest.c  >&5
configure:3353: $? = 0
configure:3360: ./conftest
configure:3364: $? = 0
configure:3379: result: no
configure:3384: checking for suffix of object files
configure:3406: gcc -c   conftest.c >&5
configure:3410: $? = 0
configure:3431: result: o
configure:3435: checking whether we are using the GNU C compiler
configure:3454: gcc -c   conftest.c >&5
configure:3454: $? = 0
configure:3463: result: yes
configure:3472: checking whether gcc accepts -g
configure:3492: gcc -c -g  conftest.c >&5
configure:3492: $? = 0
configure:3533: result: yes
configure:3550: checking for gcc option to accept ISO C89
configure:3613: gcc  -c -g -O2  conftest.c >&5
configure:3613: $? = 0
configure:3626: result: none needed
configure:3651: checking whether gcc understands -c and -o together
configure:3673: gcc -c conftest.c -o conftest2.o
configure:3676: $? = 0
configure:3673: gcc -c conftest.c -o conftest2.o
configure:3676: $? = 0
configure:3688: result: yes
configure:3708: checking whether make supports the include directive
configure:3723: make -f confmf.GNU && cat confinc.out
make[1]: Entering directory '/home/stuart/code/hereweare/hereweare-1.0/_build/sub'
make[1]: Leaving directory '/home/stuart/code/hereweare/hereweare-1.0/_build/sub'
this is the am__doit target
configure:3726: $? = 0
configure:3745: result: yes (GNU style)
configure:3770: checking dependency style of gcc
configure:3881: result: gcc3
configure:3952: checking for pkg-config
configure:3970: found /usr/bin/pkg-config
configure:3982: result: /usr/bin/pkg-config
configure:4007: checking pkg-config is at least version 0.9.0
configure:4010: result: yes
configure:4020: checking for libcurl
configure:4027: $PKG_CONFIG --exists --print-errors "libcurl"
configure:4030: $? = 0
configure:4044: $PKG_CONFIG --exists --print-errors "libcurl"
configure:4047: $? = 0
configure:4105: result: yes
configure:4111: checking for libconfig
configure:4118: $PKG_CONFIG --exists --print-errors "libconfig"
configure:4121: $? = 0
configure:4135: $PKG_CONFIG --exists --print-errors "libconfig"
configure:4138: $? = 0
configure:4196: result: yes
configure:4202: checking for libsystemd
configure:4209: $PKG_CONFIG --exists --print-errors "libsystemd"
configure:4212: $? = 0
configure:4226: $PKG_CONFIG --exists --print-errors "libsystemd"
configure:4229: $? = 0
configure:4287: result: yes
configure:4299: checking how to run the C preprocessor
configure:4330: gcc -E  conftest.c
configure:4330: $? = 0
configure:4344: gcc -E  conftest.c
conftest.c:11:10: fatal error: ac_nonexistent.h: No such file or directory
   11 | #include <ac_nonexistent.h>
      |          ^~~~~~~~~~~~~~~~~~
compilation terminated.
configure:4344: $? = 1
configure: failed program was:
| /* confdefs.h */
| #define PACKAGE_NAME "hereweare"
| #define PACKAGE_TARNAME "hereweare"
| #define PACKAGE_VERSION "1.0"
| #define PACKAGE_STRING "hereweare 1.0"
| #define PACKAGE_BUGREPORT "stuart.coyle@gmail.com"
| #define PACKAGE_URL ""
| #define PACKAGE "hereweare"
| #define VERSION "1.0"
| /* end confdefs.h.  */
| #include <ac_nonexistent.h>
configure:4369: result: gcc -E
configure:4389: gcc -E  conftest.c
configure:4389: $? = 0
configure:4403: gcc -E  conftest.c
conftest.c:11:10: fatal error: ac_nonexistent.h: No such file or directory
   11 | #include <ac_nonexistent.h>
      |          ^~~~~~~~~~~~~~~~~~
compilation terminated.
configure:4403: $? = 1
configure: failed program was:
| /* confdefs.h */
| #define PACKAGE_NAME "hereweare"
| #define PACKAGE_TARNAME "hereweare"
| #define PACKAGE_VERSION "1.0"
| #define PACKAGE_STRING "hereweare 1.0"
| #define PACKAGE_BUGREPORT "stuart.coyle@gmail.com"
| #define PACKAGE_URL ""
| #define PACKAGE "hereweare"
| #define VERSION "1.0"
| /* end confdefs.h.  */
| #include <ac_nonexistent.h>
configure:4432: checking for grep that handles long lines and -e
configure:4490: result: /usr/bin/grep
configure:4495: checking for egrep
configure:4557: result: /usr/bin/grep -E
configure:4562: checking for ANSI C header files
configure:4582: gcc -c -g -O2  conftest.c >&5
configure:4582: $? = 0
configure:4655: gcc -o conftest -g -O2   conftest.c  >&5
configure:4655: $? = 0
configure:4655: ./conftest
configure:4655: $? = 0
configure:4666: result: yes
configure:4679: checking for sys/types.h
configure:4679: gcc -c -g -O2  conftest.c >&5
configure:4679: $? = 0
configure:4679: result: yes
configure:4679: checking for sys/stat.h
configure:4679: gcc -c -g -O2  conftest.c >&5
configure:4679: $? = 0
configure:4679: result: yes
configure:4679: checking for stdlib.h
configure:4679: gcc -c -g -O2  conftest.c >&5
configure:4679: $? = 0
configure:4679: result: yes
configure:4679: checking for string.h
configure:4679: gcc -c -g -O2  conftest.c >&5
configure:4679: $? = 0
configure:4679: result: yes
configure:4679: checking for memory.h
configure:4679: gcc -c -g -O2  conftest.c >&5
configure:4679: $? = 0
configure:4679: result: yes
configure:4679: checking for strings.h
configure:4679: gcc -c -g -O2  conftest.c >&5
configure:4679: $? = 0
configure:4679: result: yes
configure:4679: checking for inttypes.h
configure:4679: gcc -c -g -O2  conftest.c >&5
configure:4679: $? = 0
configure:4679: result: yes
configure:4679: checking for stdint.h
configure:4679: gcc -c -g -O2  conftest.c >&5
configure:4679: $? = 0
configure:4679: result: yes
configure:4679: checking for unistd.h
configure:4679: gcc -c -g -O2  conftest.c >&5
configure:4679: $? = 0
configure:4679: result: yes
configure:4694: checking fcntl.h usability
configure:4694: gcc -c -g -O2  conftest.c >&5
configure:4694: $? = 0
configure:4694: result: yes
configure:4694: checking fcntl.h presence
configure:4694: gcc -E  conftest.c
configure:4694: $? = 0
configure:4694: result: yes
configure:4694: checking for fcntl.h
configure:4694: result: yes
configure:4694: checking for stdlib.h
configure:4694: result: yes
configure:4694: checking for string.h
configure:4694: result: yes
configure:4694: checking for unistd.h
configure:4694: result: yes
configure:4706: checking curl/curl.h usability
configure:4706: gcc -c -g -O2  conftest.c >&5
configure:4706: $? = 0
configure:4706: result: yes
configure:4706: checking curl/curl.h presence
configure:4706: gcc -E  conftest.c
configure:4706: $? = 0
configure:4706: result: yes
configure:4706: checking for curl/curl.h
configure:4706: result: yes
configure:4717: checking for size_t
configure:4717: gcc -c -g -O2  conftest.c >&5
configure:4717: $? = 0
configure:4717: gcc -c -g -O2  conftest.c >&5
conftest.c: In function 'main':
conftest.c:62:21: error: expected expression before ')' token
   62 | if (sizeof ((size_t)))
      |                     ^
configure:4717: $? = 1
configure: failed program was:
| /* confdefs.h */
| #define PACKAGE_NAME "hereweare"
| #define PACKAGE_TARNAME "hereweare"
| #define PACKAGE_VERSION "1.0"
| #define PACKAGE_STRING "hereweare 1.0"
| #define PACKAGE_BUGREPORT "stuart.coyle@gmail.com"
| #define PACKAGE_URL ""
| #define PACKAGE "hereweare"
| #define VERSION "1.0"
| #define STDC_HEADERS 1
| #define HAVE_SYS_TYPES_H 1
| #define HAVE_SYS_STAT_H 1
| #define HAVE_STDLIB_H 1
| #define HAVE_STRING_H 1
| #define HAVE_MEMORY_H 1
| #define HAVE_STRINGS_H 1
| #define HAVE_INTTYPES_H 1
| #define HAVE_STDINT_H 1
| #define HAVE_UNISTD_H 1
| #define HAVE_FCNTL_H 1
| #define HAVE_STDLIB_H 1
| #define HAVE_STRING_H 1
| #define HAVE_UNISTD_H 1
| #define HAVE_CURL_CURL_H 1
| /* end confdefs.h.  */
| #include <stdio.h>
| #ifdef HAVE_SYS_TYPES_H
| # include <sys/types.h>
| #endif
| #ifdef HAVE_SYS_STAT_H
| # include <sys/stat.h>
| #endif
| #ifdef STDC_HEADERS
| # include <stdlib.h>
| # include <stddef.h>
| #else
| # ifdef HAVE_STDLIB_H
| #  include <stdlib.h>
| # endif
| #endif
| #ifdef HAVE_STRING_H
| # if !defined STDC_HEADERS && defined HAVE_MEMORY_H
| #  include <memory.h>
| # endif
| # include <string.h>
| #endif
| #ifdef HAVE_STRINGS_H
| # include <strings.h>
| #endif
| #ifdef HAVE_INTTYPES_H
| # include <inttypes.h>
| #endif
| #ifdef HAVE_STDINT_H
| # include <stdint.h>
| #endif
| #ifdef HAVE_UNISTD_H
| # include <unistd.h>
| #endif
| int
| main ()
| {
| if (sizeof ((size_t)))
| 	    return 0;
|   ;
|   return 0;
| }
configure:4717: result: yes
configure:4732: checking for malloc
configure:4732: gcc -o conftest -g -O2   conftest.c  >&5
conftest.c:49:6: warning: conflicting types for built-in function 'malloc'; expected 'void *(long unsigned int)' [-Wbuiltin-declaration-mismatch]
   49 | char malloc ();
      |      ^~~~~~
conftest.c:37:1: note: 'malloc' is declared in header '<stdlib.h>'
   36 | # include <limits.h>
   37 | #else
configure:4732: $? = 0
configure:4732: result: yes
configure:4743: checking for strcspn
configure:4743: gcc -o conftest -g -O2   conftest.c  >&5
conftest.c:50:6: warning: conflicting types for built-in function 'strcspn'; expected 'long unsigned int(const char *, const char *)' [-Wbuiltin-declaration-mismatch]
   50 | char strcspn ();
      |      ^~~~~~~
conftest.c:38:1: note: 'strcspn' is declared in header '<string.h>'
   37 | # include <limits.h>
   38 | #else
configure:4743: $? = 0
configure:4743: result: yes
configure:4811: checking for pkg-config
configure:4841: result: /usr/bin/pkg-config
configure:4866: checking pkg-config is at least version 0.9.0
configure:4869: result: yes
configure:5012: checking that generated files are newer than configure
configure:5018: result: done
configure:5045: creating ./config.status

## ---------------------- ##
## Running config.status. ##
## ---------------------- ##

This file was extended by hereweare config.status 1.0, which was
generated by GNU Autoconf 2.69.  Invocation command line was

  CONFIG_FILES    = 
  CONFIG_HEADERS  = 
  CONFIG_LINKS    = 
  CONFIG_COMMANDS = 
  $ ./config.status 

on blackforest

config.status:873: creating Makefile
config.status:873: creating src/Makefile
config.status:873: creating config.h
config.status:1087: executing depfiles commands
config.status:1164: cd src       && sed -e '/# am--include-marker/d' Makefile         | make -f - am--depfiles
make[1]: Entering directory '/home/stuart/code/hereweare/hereweare-1.0/_build/sub/src'
make[1]: Leaving directory '/home/stuart/code/hereweare/hereweare-1.0/_build/sub/src'
config.status:1169: $? = 0

## ---------------- ##
## Cache variables. ##
## ---------------- ##

ac_cv_c_compiler_gnu=yes
ac_cv_env_CC_set=
ac_cv_env_CC_value=
ac_cv_env_CFLAGS_set=
ac_cv_env_CFLAGS_value=
ac_cv_env_CONFIG_CFLAGS_set=
ac_cv_env_CONFIG_CFLAGS_value=
ac_cv_env_CONFIG_LIBS_set=
ac_cv_env_CONFIG_LIBS_value=
ac_cv_env_CPPFLAGS_set=
ac_cv_env_CPPFLAGS_value=
ac_cv_env_CPP_set=
ac_cv_env_CPP_value=
ac_cv_env_CURL_CFLAGS_set=
ac_cv_env_CURL_CFLAGS_value=
ac_cv_env_CURL_LIBS_set=
ac_cv_env_CURL_LIBS_value=
ac_cv_env_LDFLAGS_set=
ac_cv_env_LDFLAGS_value=
ac_cv_env_LIBS_set=
ac_cv_env_LIBS_value=
ac_cv_env_PKG_CONFIG_LIBDIR_set=
ac_cv_env_PKG_CONFIG_LIBDIR_value=
ac_cv_env_PKG_CONFIG_PATH_set=
ac_cv_env_PKG_CONFIG_PATH_value=
ac_cv_env_PKG_CONFIG_set=
ac_cv_env_PKG_CONFIG_value=
ac_cv_env_SYSTEMD_CFLAGS_set=
ac_cv_env_SYSTEMD_CFLAGS_value=
ac_cv_env_SYSTEMD_LIBS_set=
ac_cv_env_SYSTEMD_LIBS_value=
ac_cv_env_build_alias_set=
ac_cv_env_build_alias_value=
ac_cv_env_host_alias_set=
ac_cv_env_host_alias_value=
ac_cv_env_target_alias_set=
ac_cv_env_target_alias_value=
ac_cv_func_malloc=yes
ac_cv_func_strcspn=yes
ac_cv_header_curl_curl_h=yes
ac_cv_header_fcntl_h=yes
ac_cv_header_inttypes_h=yes
ac_cv_header_memory_h=yes
ac_cv_header_stdc=yes
ac_cv_header_stdint_h=yes
ac_cv_header_stdlib_h=yes
ac_cv_header_string_h=yes
ac_cv_header_strings_h=yes
ac_cv_header_sys_stat_h=yes
ac_cv_header_sys_types_h=yes
ac_cv_header_unistd_h=yes
ac_cv_objext=o
ac_cv_path_EGREP='/usr/bin/grep -E'
ac_cv_path_GREP=/usr/bin/grep
ac_cv_path_ac_pt_PKG_CONFIG=/usr/bin/pkg-config
ac_cv_path_install='/usr/bin/install -c'
ac_cv_path_mkdir=/usr/bin/mkdir
ac_cv_prog_AWK=gawk
ac_cv_prog_CPP='gcc -E'
ac_cv_prog_ac_ct_CC=gcc
ac_cv_prog_cc_c89=
ac_cv_prog_cc_g=yes
ac_cv_prog_make_make_set=yes
ac_cv_type_size_t=yes
am_cv_CC_dependencies_compiler_type=gcc3
am_cv_make_support_nested_variables=yes
am_cv_prog_cc_c_o=yes
pkg_cv_CONFIG_CFLAGS=
pkg_cv_CONFIG_LIBS=-lconfig
pkg_cv_CURL_CFLAGS=-I/usr/include/x86_64-linux-gnu
pkg_cv_CURL_LIBS=-lcurl
pkg_cv_SYSTEMD_CFLAGS=
pkg_cv_SYSTEMD_LIBS=-lsystemd

## ----------------- ##
## Output variables. ##
## ----------------- ##

ACLOCAL='${SHELL} '\''/home/stuart/code/hereweare/hereweare-1.0/missing'\'' aclocal-1.16'
AMDEPBACKSLASH='\'
AMDEP_FALSE='#'
AMDEP_TRUE=''
AMTAR='$${TAR-tar}'
AM_BACKSLASH='\'
AM_DEFAULT_V='$(AM_DEFAULT_VERBOSITY)'
AM_DEFAULT_VERBOSITY='1'
AM_V='$(V)'
AUTOCONF='${SHELL} '\''/home/stuart/code/hereweare/hereweare-1.0/missing'\'' autoconf'
AUTOHEADER='${SHELL} '\''/home/stuart/code/hereweare/hereweare-1.0/missing'\'' autoheader'
AUTOMAKE='${SHELL} '\''/home/stuart/code/hereweare/hereweare-1.0/missing'\'' automake-1.16'
AWK='gawk'
CC='gcc'
CCDEPMODE='depmode=gcc3'
CFLAGS='-g -O2'
CONFIG_CFLAGS=''
CONFIG_LIBS='-lconfig'
CPP='gcc -E'
CPPFLAGS=''
CURL_CFLAGS='-I/usr/include/x86_64-linux-gnu'
CURL_LIBS='-lcurl'
CYGPATH_W='echo'
DEFS='-DHAVE_CONFIG_H'
DEPDIR='.deps'
ECHO_C=''
ECHO_N='-n'
ECHO_T=''
EGREP='/usr/bin/grep -E'
EXEEXT=''
GREP='/usr/bin/grep'
HAVE_SYSTEMD_FALSE='#'
HAVE_SYSTEMD_TRUE=''
INSTALL_DATA='${INSTALL} -m 644'
INSTALL_PROGRAM='${INSTALL}'
INSTALL_SCRIPT='${INSTALL}'
INSTALL_STRIP_PROGRAM='$(install_sh) -c -s'
LDFLAGS=''
LIBOBJS=''
LIBS=''
LTLIBOBJS=''
MAKEINFO='${SHELL} '\''/home/stuart/code/hereweare/hereweare-1.0/missing'\'' makeinfo'
MKDIR_P='/usr/bin/mkdir -p'
OBJEXT='o'
PACKAGE='hereweare'
PACKAGE_BUGREPORT='stuart.coyle@gmail.com'
PACKAGE_NAME='hereweare'
PACKAGE_STRING='hereweare 1.0'
PACKAGE_TARNAME='hereweare'
PACKAGE_URL=''
PACKAGE_VERSION='1.0'
PATH_SEPARATOR=':'
PKG_CONFIG='/usr/bin/pkg-config'
PKG_CONFIG_LIBDIR=''
PKG_CONFIG_PATH=''
SET_MAKE=''
SHELL='/bin/bash'
STRIP=''
SYSTEMD_CFLAGS=''
SYSTEMD_LIBS='-lsystemd'
VERSION='1.0'
ac_ct_CC='gcc'
am__EXEEXT_FALSE=''
am__EXEEXT_TRUE='#'
am__fastdepCC_FALSE='#'
am__fastdepCC_TRUE=''
am__include='include'
am__isrc=' -I$(srcdir)'
am__leading_dot='.'
am__nodep='_no'
am__quote=''
am__tar='$${TAR-tar} chof - "$$tardir"'
am__untar='$${TAR-tar} xf -'
bindir='${exec_prefix}/bin'
build_alias=''
datadir='${datarootdir}'
datarootdir='${prefix}/share'
docdir='${datarootdir}/doc/${PACKAGE_TARNAME}'
dvidir='${docdir}'
exec_prefix='${prefix}'
host_alias=''
htmldir='${docdir}'
includedir='${prefix}/include'
infodir='${datarootdir}/info'
install_sh='${SHELL} /home/stuart/code/hereweare/hereweare-1.0/install-sh'
libdir='${exec_prefix}/lib'
libexecdir='${exec_prefix}/libexec'
localedir='${datarootdir}/locale'
localstatedir='${prefix}/var'
mandir='${datarootdir}/man'
mkdir_p='$(MKDIR_P)'
oldincludedir='/usr/include'
pdfdir='${docdir}'
prefix='/home/stuart/code/hereweare/hereweare-1.0/_inst'
program_transform_name='s,x,x,'
psdir='${docdir}'
runstatedir='${localstatedir}/run'
sbindir='${exec_prefix}/sbin'
sharedstatedir='${prefix}/com'
sysconfdir='${prefix}/etc'
systemdsystemunitdir='/home/stuart/code/hereweare/hereweare-1.0/_inst//lib/systemd/system'
target_alias=''

## ----------- ##
## confdefs.h. ##
## ----------- ##

/* confdefs.h */
#define PACKAGE_NAME "hereweare"
#define PACKAGE_TARNAME "hereweare"
#define PACKAGE_VERSION "1.0"
#define PACKAGE_STRING "hereweare 1.0"
#define PACKAGE_BUGREPORT "stuart.coyle@gmail.com"
#define PACKAGE_URL ""
#define PACKAGE "hereweare"
#define VERSION "1.0"
#define STDC_HEADERS 1
#define HAVE_SYS_TYPES_H 1
#define HAVE_SYS_STAT_H 1
#define HAVE_STDLIB_H 1
#define HAVE_STRING_H 1
#define HAVE_MEMORY_H 1
#define HAVE_STRINGS_H 1
#define HAVE_INTTYPES_H 1
#define HAVE_STDINT_H 1
#define HAVE_UNISTD_H 1
#define HAVE_FCNTL_H 1
#define HAVE_STDLIB_H 1
#define HAVE_STRING_H 1
#define HAVE_UNISTD_H 1
#define HAVE_CURL_CURL_H 1
#define HAVE_MALLOC 1
#define HAVE_STRCSPN 1

configure: exit 0
